<?xml version="1.0" encoding="UTF-8"?>
<!-- Generated by org.testng.reporters.JUnitReportReporter -->
<testsuite skipped="0" hostname="LAPTOP-7TE0J6TV" name="com.guruprasad.testNG.TestRunner" tests="2" failures="0" timestamp="2022-04-16T23:31:37 IST" time="0.013" errors="0">
  <testcase name="m1" time="0.012" classname="com.guruprasad.testNG.TestRunner"/>
  <system-out/>
  <testcase name="m2" time="0.001" classname="com.guruprasad.testNG.TestRunner"/>
  <system-out/>
</testsuite> <!-- com.guruprasad.testNG.TestRunner -->
